-------------------------------------------------------------------------------
Test set: test.LoginTest
-------------------------------------------------------------------------------
Tests run: 2, Failures: 0, Errors: 2, Skipped: 0, Time elapsed: 0.001 s <<< FAILURE! - in test.LoginTest
testLoginWithValidCredentials  Time elapsed: 0 s  <<< ERROR!
java.lang.NullPointerException: Cannot invoke "java.sql.Connection.prepareStatement(String)" because "connection" is null
	at test.LoginTest.testLoginWithValidCredentials(LoginTest.java:15)

testLoginWithInvalidCredentials  Time elapsed: 0 s  <<< ERROR!
java.lang.NullPointerException: Cannot invoke "java.sql.Connection.prepareStatement(String)" because "connection" is null
	at test.LoginTest.testLoginWithInvalidCredentials(LoginTest.java:24)

