-------------------------------------------------------------------------------
Test set: test.DatabaseConnectionTest
-------------------------------------------------------------------------------
Tests run: 1, Failures: 1, Errors: 0, Skipped: 0, Time elapsed: 0.195 s <<< FAILURE! - in test.DatabaseConnectionTest
testDatabaseConnection  Time elapsed: 0.168 s  <<< FAILURE!
org.opentest4j.AssertionFailedError: Koneksi ke database harus berhasil. ==> expected: not <null>
	at test.DatabaseConnectionTest.testDatabaseConnection(DatabaseConnectionTest.java:13)

