<?xml version="1.0" encoding="UTF-8"?>
<testsuite xmlns:xsi="http://www.w3.org/2001/XMLSchema-instance" xsi:noNamespaceSchemaLocation="https://maven.apache.org/surefire/maven-surefire-plugin/xsd/surefire-test-report.xsd" name="test.LoginTest" time="0.001" tests="2" errors="2" skipped="0" failures="0">
  <properties>
[...]
</properties>
  <testcase name="testLoginWithValidCredentials" classname="test.LoginTest" time="0">
    <error message="Cannot invoke &quot;java.sql.Connection.prepareStatement(String)&quot; because &quot;connection&quot; is null" type="java.lang.NullPointerException">java.lang.NullPointerException: Cannot invoke "java.sql.Connection.prepareStatement(String)" because "connection" is null
	at test.LoginTest.testLoginWithValidCredentials(LoginTest.java:15)
</error>
    <system-out><![CDATA[Connection failed: Communications link failure

The last packet sent successfully to the server was 0 milliseconds ago. The driver has not received any packets from the server.
]]></system-out>
  </testcase>
  <testcase name="testLoginWithInvalidCredentials" classname="test.LoginTest" time="0">
    <error message="Cannot invoke &quot;java.sql.Connection.prepareStatement(String)&quot; because &quot;connection&quot; is null" type="java.lang.NullPointerException">java.lang.NullPointerException: Cannot invoke "java.sql.Connection.prepareStatement(String)" because "connection" is null
	at test.LoginTest.testLoginWithInvalidCredentials(LoginTest.java:24)
</error>
    <system-out><![CDATA[Connection failed: Communications link failure

The last packet sent successfully to the server was 0 milliseconds ago. The driver has not received any packets from the server.
]]></system-out>
  </testcase>
</testsuite>